Build started 5/4/2015 4:52:43 PM.
     1>Project "C:\Users\Eyob\Desktop\vis15-group7\windows\GeoX.vcxproj" on node 2 (build target(s)).
     1>InitializeBuildStatus:
         Touching "Debug\GeoX.unsuccessfulbuild".
       CustomBuild:
         All outputs are up-to-date.
       ClCompile:
         All outputs are up-to-date.
         C:\Program Files\Microsoft Visual Studio 10.0\VC\bin\CL.exe /c /I"C:\Users\Eyob\Desktop\vis15-group7\windows\\" /I"C:\Users\Eyob\Desktop\vis15-group7\windows\\.." /I"C:\Users\Eyob\Desktop\vis15-group7\windows\\..\application" /I"C:\Users\Eyob\Desktop\vis15-group7\windows\\..\experiments" /I"C:\Users\Eyob\Desktop\vis15-group7\windows\\..\geoX" /I"C:\Users\Eyob\Desktop\vis15-group7\windows\\..\math" /I"C:\Users\Eyob\Desktop\vis15-group7\windows\\..\system\basics" /I"C:\Users\Eyob\Desktop\vis15-group7\windows\\..\system\gui" /I"C:\Users\Eyob\Desktop\vis15-group7\windows\\..\system\misc" /I"C:\Users\Eyob\Desktop\vis15-group7\windows\\..\system\properties" /I"C:\Users\Eyob\Desktop\vis15-group7\windows\\..\system\streaming" /I"C:\Users\Eyob\Desktop\vis15-group7\windows\\..\viewers\cameraControl" /I"C:\Users\Eyob\Desktop\vis15-group7\windows\\..\viewers\widgets" /ZI /nologo /W3 /WX- /MP /Od /Oy- /D WIN32 /D _DEBUG /D _WINDOWS /D _USE_MATH_DEFINES /D _CRT_SECURE_NO_WARNINGS /D _UNICODE /D UNICODE /Gm /EHa /RTC1 /MDd /GS- /arch:SSE2 /fp:fast /Zc:wchar_t /Zc:forScope /Yu"StdAfx.h" /Fp"Debug\GeoX.pch" /Fo"Debug\\" /Fd"Debug\vc100.pdb" /Gd /TP /analyze- /errorReport:prompt ..\InitGeoX.cpp
         InitGeoX.cpp
       ManifestResourceCompile:
         All outputs are up-to-date.
       Link:
         C:\Program Files\Microsoft Visual Studio 10.0\VC\bin\link.exe /ERRORREPORT:PROMPT /OUT:"C:\Users\Eyob\Desktop\vis15-group7\windows\Debug\GeoX.exe" /INCREMENTAL /NOLOGO qtCored4.lib qtGuid4.lib qtOpenGLd4.lib winmm.lib opengl32.lib glu32.lib kernel32.lib user32.lib gdi32.lib winspool.lib comdlg32.lib advapi32.lib shell32.lib ole32.lib oleaut32.lib uuid.lib odbc32.lib odbccp32.lib /MANIFEST /ManifestFile:"Debug\GeoX.exe.intermediate.manifest" /MANIFESTUAC:"level='asInvoker' uiAccess='false'" /DEBUG /PDB:"C:\Users\Eyob\Desktop\vis15-group7\windows\Debug\GeoX.pdb" /SUBSYSTEM:WINDOWS /TLBID:1 /DYNAMICBASE /NXCOMPAT /IMPLIB:"C:\Users\Eyob\Desktop\vis15-group7\windows\Debug\GeoX.lib" /MACHINE:X86 Debug\GeoX.exe.embed.manifest.res
         Debug\AssignmentFour.obj
         Debug\ExampleExperimentFields.obj
         Debug\ExampleExperimentScatterPlot.obj
         Debug\AMLoader.obj
         Debug\stdafx.obj
         Debug\winmain.obj
         Debug\GeoXMainWindow.obj
         Debug\BoundingBox.obj
         Debug\DynamicLinearAlgebra.obj
         Debug\DynamicLinearAlgebraTools.obj
         Debug\Frustum.obj
         Debug\HalfSpace.obj
         Debug\IterativeSolvers.obj
         Debug\LinearAlgebra.obj
         Debug\MarchingCubes3D.obj
         Debug\PolarCoordinates.obj
         Debug\SparseLinearAlgebra.obj
         Debug\ViewFrustum.obj
         Debug\ClassCreator.obj
         Debug\ClassEditor.obj
         Debug\ClassMethods.obj
         Debug\ClassProperty.obj
         Debug\CopyObjectProperties.obj
         Debug\ExceptionHandling.obj
         Debug\HashTables.obj
         Debug\MetaClass.obj
         Debug\Object.obj
         Debug\Persistent.obj
         Debug\ClassSelectionDialog.obj
         Debug\FileDialogs.obj
         Debug\GeneralKey.obj
         Debug\GeoXOutput.obj
         Debug\MemberBrowser.obj
         Debug\MethodBrowser.obj
         Debug\Modifiers.obj
         Debug\ObjectBrowserWidget.obj
         Debug\ObjectCreationDialog.obj
         Debug\ObjectViewsTable.obj
         Debug\PopupWindow.obj
         Debug\PropertyBrowser.obj
         Debug\VerticalScrollView.obj
         Debug\ClassInstanceSet.obj
         Debug\ImageLoader.obj
         Debug\qtHelpers.obj
         Debug\StringHelper.obj
         Debug\Timer.obj
         Debug\Tools.obj
         Debug\BooleanClassProperty.obj
         Debug\BooleanElementEditor.obj
         Debug\BooleanPropertyEditor.obj
         Debug\ClassTypeClassProperty.obj
         Debug\ClassTypeClassPropertyEditorWidget.obj
         Debug\ClassTypePropertyEditor.obj
         Debug\CompoundClassProperty.obj
         Debug\ElementEditor.obj
         Debug\EmbeddedObjectClassProperty.obj
         Debug\EmbeddedObjectClassPropertyEditor.obj
         Debug\EmbeddedObjectElementEditor.obj
         Debug\EnumerationElementEditor.obj
         Debug\EnumerationPropertyEditor.obj
         Debug\FileNameElementEditor.obj
         Debug\FileNamePropertyEditor.obj
         Debug\FixedArrayClassProperty.obj
         Debug\FixedArrayElementEditor.obj
         Debug\FixedArrayPropertyEditor.obj
         Debug\NumericalClassProperty.obj
         Debug\ObjectClassProperty.obj
         Debug\ObjectElementEditor.obj
         Debug\ObjectListBase.obj
         Debug\ObjectListElementEditor.obj
         Debug\ObjectListProperty.obj
         Debug\ObjectListPropertyEditor.obj
         Debug\ObjectPropertyEditor.obj
         Debug\PropertyEditor.obj
         Debug\SeparatorClassProperty.obj
         Debug\SeparatorPropertyEditor.obj
         Debug\SingleClassProperty.obj
         Debug\StringClassProperty.obj
         Debug\StringElementEditor.obj
         Debug\StringPropertyEditor.obj
         Debug\StructClassProperty.obj
         Debug\VariableArrayClassProperty.obj
         Debug\VariableArrayClassPropertyEditor.obj
         Debug\VariableArrayElementEditor.obj
         Debug\BinaryObjectStreams.obj
         Debug\LegacyClassNameTranslation.obj
         Debug\ObjectStreams.obj
         Debug\StreamClassTable.obj
         Debug\Camera.obj
         Debug\CameraController.obj
         Debug\ExaminerCameraController.obj
         Debug\WalkthroughCameraController.obj
         Debug\GeoXGLWidget.obj
         Debug\GeoXGLWidget3D.obj
         Debug\GLGeometryViewer.obj
         Debug\GLGeometryViewer3D.obj
         Debug\LogoViewer.obj
         Debug\ExampleExperiment.obj
         Debug\ExampleExperiment2DGraphics.obj
         Debug\ExampleExperiment3DGraphics.obj
         Debug\ExampleExperimentMarchingCubes.obj
         Debug\Experiment.obj
         Debug\InitGeoX.obj
     1>LINK : fatal error LNK1123: failure during conversion to COFF: file invalid or corrupt
     1>Done Building Project "C:\Users\Eyob\Desktop\vis15-group7\windows\GeoX.vcxproj" (build target(s)) -- FAILED.

Build FAILED.

Time Elapsed 00:00:01.36
